<?xml version="1.0" encoding="UTF-8"?>
<testng-results ignored="0" total="1" passed="1" failed="0" skipped="0">
  <reporter-output>
  </reporter-output>
  <suite started-at="2024-01-11T21:04:53 GMT-05:00" name="Suite" finished-at="2024-01-11T21:04:59 GMT-05:00" duration-ms="5908">
    <groups>
    </groups>
    <test started-at="2024-01-11T21:04:53 GMT-05:00" name="Test" finished-at="2024-01-11T21:04:59 GMT-05:00" duration-ms="5908">
      <class name="testng1.Parameter">
        <test-method signature="driverLaunch(java.lang.String)[pri:0, instance:testng1.Parameter@741a8937]" started-at="2024-01-11T21:04:53 GMT-05:00" name="driverLaunch" finished-at="2024-01-11T21:04:59 GMT-05:00" duration-ms="5804" status="PASS">
          <params>
            <param index="0">
              <value>
                <![CDATA[chrome]]>
              </value>
            </param>
          </params>
          <reporter-output>
          </reporter-output>
        </test-method> <!-- driverLaunch -->
      </class> <!-- testng1.Parameter -->
    </test> <!-- Test -->
  </suite> <!-- Suite -->
</testng-results>
